<?xml version="1.0" encoding="UTF-8"?>
<!-- Generated by org.testng.reporters.JUnitReportReporter -->
<testsuite hostname="DESKTOP-QOVJ3IM" failures="0" tests="6" name="api.test.DataDriverTests" time="7.049" errors="0" timestamp="2024-04-08T14:24:43 IST" skipped="0">
  <testcase classname="api.test.DataDriverTests" name="testdeleteUserByUSerNames" time="1.196"/>
  <testcase classname="api.test.DataDriverTests" name="testdeleteUserByUSerNames" time="1.181"/>
  <testcase classname="api.test.DataDriverTests" name="testPostUser" time="1.169"/>
  <testcase classname="api.test.DataDriverTests" name="testdeleteUserByUSerNames" time="1.161"/>
  <testcase classname="api.test.DataDriverTests" name="testPostUser" time="1.173"/>
  <testcase classname="api.test.DataDriverTests" name="testPostUser" time="1.169"/>
</testsuite> <!-- api.test.DataDriverTests -->
