<?xml version="1.0" encoding="UTF-8"?>
<!-- Generated by org.testng.reporters.JUnitReportReporter -->
<testsuite hostname="DESKTOP-QOVJ3IM" failures="0" tests="4" name="api.test.UserTests" time="7.781" errors="0" timestamp="2024-04-08T14:24:43 IST" skipped="0">
  <testcase classname="api.test.UserTests" name="testPostUser" time="2.994"/>
  <testcase classname="api.test.UserTests" name="testGetUserByUsername" time="1.208"/>
  <testcase classname="api.test.UserTests" name="testPutUserByUsername" time="2.393"/>
  <testcase classname="api.test.UserTests" name="testDeletetUserByUsername" time="1.186"/>
</testsuite> <!-- api.test.UserTests -->
