<?xml version="1.0" encoding="UTF-8"?>
<!-- Generated by org.testng.reporters.JUnitReportReporter -->
<testsuite hostname="DESKTOP-QOVJ3IM" failures="0" tests="4" name="api.test.UserTests" time="5.861" errors="0" timestamp="2024-04-08T14:49:49 IST" skipped="0">
  <testcase classname="api.test.UserTests" name="testPostUser" time="1.171"/>
  <testcase classname="api.test.UserTests" name="testGetUserByUsername" time="1.169"/>
  <testcase classname="api.test.UserTests" name="testPutUserByUsername" time="2.321"/>
  <testcase classname="api.test.UserTests" name="testDeletetUserByUsername" time="1.200"/>
</testsuite> <!-- api.test.UserTests -->
