<?xml version="1.0" encoding="UTF-8"?>
<!-- Generated by org.testng.reporters.JUnitReportReporter -->
<testsuite hostname="DESKTOP-QOVJ3IM" failures="0" tests="6" name="api.test.DataDriverTests" time="9.080" errors="0" timestamp="2024-04-08T14:49:49 IST" skipped="0">
  <testcase classname="api.test.DataDriverTests" name="testdeleteUserByUSerNames" time="1.212"/>
  <testcase classname="api.test.DataDriverTests" name="testdeleteUserByUSerNames" time="1.153"/>
  <testcase classname="api.test.DataDriverTests" name="testdeleteUserByUSerNames" time="1.173"/>
  <testcase classname="api.test.DataDriverTests" name="testPostUser" time="1.202"/>
  <testcase classname="api.test.DataDriverTests" name="testPostUser" time="3.142"/>
  <testcase classname="api.test.DataDriverTests" name="testPostUser" time="1.198"/>
</testsuite> <!-- api.test.DataDriverTests -->
